[ 2018-08-04T00:54:02+08:00 ] ::1 /weibo/
INFO: [ app_init ] --START--
INFO: Run Behavior\BuildLiteBehavior [ RunTime:0.000000s ]
INFO: [ app_init ] --END-- [ RunTime:0.001000s ]
INFO: [ app_begin ] --START--
INFO: Run Behavior\ReadHtmlCacheBehavior [ RunTime:0.002000s ]
INFO: [ app_begin ] --END-- [ RunTime:0.002000s ]
ERR: 模板不存在:./App/Home/View/Index/index.html

[ 2018-08-04T00:56:47+08:00 ] ::1 /weibo/
INFO: [ app_init ] --START--
INFO: Run Behavior\BuildLiteBehavior [ RunTime:0.000000s ]
INFO: [ app_init ] --END-- [ RunTime:0.001000s ]
INFO: [ app_begin ] --START--
INFO: Run Behavior\ReadHtmlCacheBehavior [ RunTime:0.002000s ]
INFO: [ app_begin ] --END-- [ RunTime:0.002000s ]
INFO: [ view_parse ] --START--
INFO: [ template_filter ] --START--
INFO: Run Behavior\ContentReplaceBehavior [ RunTime:0.000000s ]
INFO: [ template_filter ] --END-- [ RunTime:0.000000s ]
INFO: Run Behavior\ParseTemplateBehavior [ RunTime:0.014000s ]
INFO: [ view_parse ] --END-- [ RunTime:0.014000s ]
INFO: [ view_filter ] --START--
INFO: Run Behavior\WriteHtmlCacheBehavior [ RunTime:0.001000s ]
INFO: [ view_filter ] --END-- [ RunTime:0.001000s ]
INFO: [ app_end ] --START--
INFO: Run Behavior\ShowPageTraceBehavior [ RunTime:0.002000s ]
INFO: [ app_end ] --END-- [ RunTime:0.002000s ]

[ 2018-08-04T18:42:39+08:00 ] ::1 /weibo/
INFO: [ app_init ] --START--
INFO: Run Behavior\BuildLiteBehavior [ RunTime:0.000000s ]
INFO: [ app_init ] --END-- [ RunTime:0.006001s ]
INFO: [ app_begin ] --START--
INFO: Run Behavior\ReadHtmlCacheBehavior [ RunTime:0.002000s ]
INFO: [ app_begin ] --END-- [ RunTime:0.002000s ]
INFO: [ view_parse ] --START--
INFO: [ template_filter ] --START--
INFO: Run Behavior\ContentReplaceBehavior [ RunTime:0.000000s ]
INFO: [ template_filter ] --END-- [ RunTime:0.000000s ]
INFO: Run Behavior\ParseTemplateBehavior [ RunTime:0.017001s ]
INFO: [ view_parse ] --END-- [ RunTime:0.018001s ]
INFO: [ view_filter ] --START--
INFO: Run Behavior\WriteHtmlCacheBehavior [ RunTime:0.001000s ]
INFO: [ view_filter ] --END-- [ RunTime:0.003000s ]
INFO: [ app_end ] --START--
INFO: Run Behavior\ShowPageTraceBehavior [ RunTime:0.002000s ]
INFO: [ app_end ] --END-- [ RunTime:0.002000s ]

[ 2018-08-04T19:15:35+08:00 ] ::1 /weibo/login
ERR: 模板不存在:./App/Home/View/Default/Login/index.html

[ 2018-08-04T20:55:34+08:00 ] ::1 /weibo/PUBLIC/Admin/easyui/easyui/jquery.min.js
ERR: 无法加载控制器:Public

[ 2018-08-04T20:55:34+08:00 ] ::1 /weibo/PUBLIC/Admin/easyui/easyui/jquery.easyui.min.js
ERR: 无法加载控制器:Public

[ 2018-08-04T20:55:34+08:00 ] ::1 /weibo/PUBLIC/Admin/easyui/easyui/locale/easyui-lang-zh_CN.js
ERR: 无法加载控制器:Public

[ 2018-08-04T20:56:10+08:00 ] ::1 /weibo/PUBLIC/Admin/easyui/easyui/locale/easyui-lang-zh_CN.js
ERR: 无法加载控制器:Public

[ 2018-08-04T20:56:10+08:00 ] ::1 /weibo/PUBLIC/Admin/easyui/easyui/jquery.min.js
ERR: 无法加载控制器:Public

[ 2018-08-04T20:56:10+08:00 ] ::1 /weibo/PUBLIC/Admin/easyui/easyui/jquery.easyui.min.js
ERR: 无法加载控制器:Public

[ 2018-08-04T20:56:11+08:00 ] ::1 /weibo/PUBLIC/Admin/easyui/easyui/locale/easyui-lang-zh_CN.js
ERR: 无法加载控制器:Public

[ 2018-08-04T20:56:35+08:00 ] ::1 /weibo/PUBLIC/Admin/easyui/easyui/locale/easyui-lang-zh_CN.js
ERR: 无法加载控制器:Public

[ 2018-08-04T20:56:40+08:00 ] ::1 /weibo/PUBLIC/Admin/easyui/easyui/locale/easyui-lang-zh_CN.js
ERR: 无法加载控制器:Public

[ 2018-08-04T20:57:37+08:00 ] ::1 /weibo/PUBLIC/Admin/easyui/easyui/jquery.min.js
ERR: 无法加载控制器:Public

[ 2018-08-04T20:58:56+08:00 ] ::1 /weibo/PUBLIC/admin/js/jquery.min.js
ERR: 无法加载控制器:Public

[ 2018-08-04T20:59:20+08:00 ] ::1 /weibo/PUBLIC/Admin/js/jquery.js
ERR: 无法加载控制器:Public

[ 2018-08-04T20:59:50+08:00 ] ::1 /weibo/PUBLIC/Admin/easyui/easyui/jquery.min.js
ERR: 无法加载控制器:Public

[ 2018-08-04T20:59:50+08:00 ] ::1 /weibo/PUBLIC/Admin/easyui/easyui/locale/easyui-lang-zh_CN.js
ERR: 无法加载控制器:Public

[ 2018-08-04T20:59:50+08:00 ] ::1 /weibo/PUBLIC/Admin/easyui/easyui/jquery.easyui.min.js
ERR: 无法加载控制器:Public

[ 2018-08-04T20:59:50+08:00 ] ::1 /weibo/PUBLIC/Admin/easyui/easyui/locale/easyui-lang-zh_CN.js
ERR: 无法加载控制器:Public

[ 2018-08-04T21:01:22+08:00 ] ::1 /weibo/PUBLIC/Admin/easyui/easyui/jquery.min.js
ERR: 无法加载控制器:Public

[ 2018-08-04T21:47:26+08:00 ] ::1 /weibo/PUBLIC/Admin/js/jquery.js
ERR: 无法加载控制器:Public

